[2026-04-24 13:50:49] local.ERROR: View [cart] not found. {"exception":"[object] (InvalidArgumentException(code: 0): View [cart] not found. at C:/OSPanel/domains/canvas-laravel01/vendor/laravel/framework/src/Illuminate/View/FileViewFinder.php:137)
[stacktrace]
#0 C:/OSPanel/domains/canvas-laravel01/vendor/laravel/framework/src/Illuminate/View/FileViewFinder.php(79): Illuminate/View/FileViewFinder->findInPaths()
#1 C:/OSPanel/domains/canvas-laravel01/vendor/laravel/framework/src/Illuminate/View/Factory.php(138): Illuminate/View/FileViewFinder->find()
#2 C:/OSPanel/domains/canvas-laravel01/vendor/laravel/framework/src/Illuminate/Foundation/helpers.php(1020): Illuminate/View/Factory->make()
#3 C:/OSPanel/domains/canvas-laravel01/app/Http/Controllers/CartController.php(29): view()
#4 C:/OSPanel/domains/canvas-laravel01/vendor/laravel/framework/src/Illuminate/Routing/ControllerDispatcher.php(46): App/Http/Controllers/CartController->index()
#5 C:/OSPanel/domains/canvas-laravel01/vendor/laravel/framework/src/Illuminate/Routing/Route.php(260): Illuminate/Routing/ControllerDispatcher->dispatch()
#6 C:/OSPanel/domains/canvas-laravel01/vendor/laravel/framework/src/Illuminate/Routing/Route.php(205): Illuminate/Routing/Route->runController()
#7 C:/OSPanel/domains/canvas-laravel01/vendor/laravel/framework/src/Illuminate/Routing/Router.php(806): Illuminate/Routing/Route->run()
#8 C:/OSPanel/domains/canvas-laravel01/vendor/laravel/framework/src/Illuminate/Pipeline/Pipeline.php(144): Illuminate/Routing/Router->Illuminate/Routing/{closure}()
#9 C:/OSPanel/domains/canvas-laravel01/app/Http/Middleware/CheckAuth.php(16): Illuminate/Pipeline/Pipeline->Illuminate/Pipeline/{closure}()
#10 C:/OSPanel/domains/canvas-laravel01/vendor/laravel/framework/src/Illuminate/Pipeline/Pipeline.php(183): App/Http/Middleware/CheckAuth->handle()
#11 C:/OSPanel/domains/canvas-laravel01/vendor/laravel/framework/src/Illuminate/Routing/Middleware/SubstituteBindings.php(50): Illuminate/Pipeline/Pipeline->Illuminate/Pipeline/{closure}()
#12 C:/OSPanel/domains/canvas-laravel01/vendor/laravel/framework/src/Illuminate/Pipeline/Pipeline.php(183): Illuminate/Routing/Middleware/SubstituteBindings->handle()
#13 C:/OSPanel/domains/canvas-laravel01/vendor/laravel/framework/src/Illuminate/Foundation/Http/Middleware/VerifyCsrfToken.php(78): Illuminate/Pipeline/Pipeline->Illuminate/Pipeline/{closure}()
#14 C:/OSPanel/domains/canvas-laravel01/vendor/laravel/framework/src/Illuminate/Pipeline/Pipeline.php(183): Illuminate/Foundation/Http/Middleware/VerifyCsrfToken->handle()
#15 C:/OSPanel/domains/canvas-laravel01/vendor/laravel/framework/src/Illuminate/View/Middleware/ShareErrorsFromSession.php(49): Illuminate/Pipeline/Pipeline->Illuminate/Pipeline/{closure}()
#16 C:/OSPanel/domains/canvas-laravel01/vendor/laravel/framework/src/Illuminate/Pipeline/Pipeline.php(183): Illuminate/View/Middleware/ShareErrorsFromSession->handle()
#17 C:/OSPanel/domains/canvas-laravel01/vendor/laravel/framework/src/Illuminate/Session/Middleware/StartSession.php(121): Illuminate/Pipeline/Pipeline->Illuminate/Pipeline/{closure}()
#18 C:/OSPanel/domains/canvas-laravel01/vendor/laravel/framework/src/Illuminate/Session/Middleware/StartSession.php(64): Illuminate/Session/Middleware/StartSession->handleStatefulRequest()
#19 C:/OSPanel/domains/canvas-laravel01/vendor/laravel/framework/src/Illuminate/Pipeline/Pipeline.php(183): Illuminate/Session/Middleware/StartSession->handle()
#20 C:/OSPanel/domains/canvas-laravel01/vendor/laravel/framework/src/Illuminate/Cookie/Middleware/AddQueuedCookiesToResponse.php(37): Illuminate/Pipeline/Pipeline->Illuminate/Pipeline/{closure}()
#21 C:/OSPanel/domains/canvas-laravel01/vendor/laravel/framework/src/Illuminate/Pipeline/Pipeline.php(183): Illuminate/Cookie/Middleware/AddQueuedCookiesToResponse->handle()
#22 C:/OSPanel/domains/canvas-laravel01/vendor/laravel/framework/src/Illuminate/Cookie/Middleware/EncryptCookies.php(67): Illuminate/Pipeline/Pipeline->Illuminate/Pipeline/{closure}()
#23 C:/OSPanel/domains/canvas-laravel01/vendor/laravel/framework/src/Illuminate/Pipeline/Pipeline.php(183): Illuminate/Cookie/Middleware/EncryptCookies->handle()
#24 C:/OSPanel/domains/canvas-laravel01/vendor/laravel/framework/src/Illuminate/Pipeline/Pipeline.php(119): Illuminate/Pipeline/Pipeline->Illuminate/Pipeline/{closure}()
#25 C:/OSPanel/domains/canvas-laravel01/vendor/laravel/framework/src/Illuminate/Routing/Router.php(807): Illuminate/Pipeline/Pipeline->then()
#26 C:/OSPanel/domains/canvas-laravel01/vendor/laravel/framework/src/Illuminate/Routing/Router.php(784): Illuminate/Routing/Router->runRouteWithinStack()
#27 C:/OSPanel/domains/canvas-laravel01/vendor/laravel/framework/src/Illuminate/Routing/Router.php(748): Illuminate/Routing/Router->runRoute()
#28 C:/OSPanel/domains/canvas-laravel01/vendor/laravel/framework/src/Illuminate/Routing/Router.php(737): Illuminate/Routing/Router->dispatchToRoute()
#29 C:/OSPanel/domains/canvas-laravel01/vendor/laravel/framework/src/Illuminate/Foundation/Http/Kernel.php(200): Illuminate/Routing/Router->dispatch()
#30 C:/OSPanel/domains/canvas-laravel01/vendor/laravel/framework/src/Illuminate/Pipeline/Pipeline.php(144): Illuminate/Foundation/Http/Kernel->Illuminate/Foundation/Http/{closure}()
#31 C:/OSPanel/domains/canvas-laravel01/vendor/laravel/framework/src/Illuminate/Foundation/Http/Middleware/TransformsRequest.php(21): Illuminate/Pipeline/Pipeline->Illuminate/Pipeline/{closure}()
#32 C:/OSPanel/domains/canvas-laravel01/vendor/laravel/framework/src/Illuminate/Foundation/Http/Middleware/ConvertEmptyStringsToNull.php(31): Illuminate/Foundation/Http/Middleware/TransformsRequest->handle()
#33 C:/OSPanel/domains/canvas-laravel01/vendor/laravel/framework/src/Illuminate/Pipeline/Pipeline.php(183): Illuminate/Foundation/Http/Middleware/ConvertEmptyStringsToNull->handle()
#34 C:/OSPanel/domains/canvas-laravel01/vendor/laravel/framework/src/Illuminate/Foundation/Http/Middleware/TransformsRequest.php(21): Illuminate/Pipeline/Pipeline->Illuminate/Pipeline/{closure}()
#35 C:/OSPanel/domains/canvas-laravel01/vendor/laravel/framework/src/Illuminate/Foundation/Http/Middleware/TrimStrings.php(40): Illuminate/Foundation/Http/Middleware/TransformsRequest->handle()
#36 C:/OSPanel/domains/canvas-laravel01/vendor/laravel/framework/src/Illuminate/Pipeline/Pipeline.php(183): Illuminate/Foundation/Http/Middleware/TrimStrings->handle()
#37 C:/OSPanel/domains/canvas-laravel01/vendor/laravel/framework/src/Illuminate/Foundation/Http/Middleware/ValidatePostSize.php(27): Illuminate/Pipeline/Pipeline->Illuminate/Pipeline/{closure}()
#38 C:/OSPanel/domains/canvas-laravel01/vendor/laravel/framework/src/Illuminate/Pipeline/Pipeline.php(183): Illuminate/Foundation/Http/Middleware/ValidatePostSize->handle()
#39 C:/OSPanel/domains/canvas-laravel01/vendor/laravel/framework/src/Illuminate/Http/Middleware/HandleCors.php(49): Illuminate/Pipeline/Pipeline->Illuminate/Pipeline/{closure}()
#40 C:/OSPanel/domains/canvas-laravel01/vendor/laravel/framework/src/Illuminate/Pipeline/Pipeline.php(183): Illuminate/Http/Middleware/HandleCors->handle()
#41 C:/OSPanel/domains/canvas-laravel01/vendor/laravel/framework/src/Illuminate/Pipeline/Pipeline.php(119): Illuminate/Pipeline/Pipeline->Illuminate/Pipeline/{closure}()
#42 C:/OSPanel/domains/canvas-laravel01/vendor/laravel/framework/src/Illuminate/Foundation/Http/Kernel.php(175): Illuminate/Pipeline/Pipeline->then()
#43 C:/OSPanel/domains/canvas-laravel01/vendor/laravel/framework/src/Illuminate/Foundation/Http/Kernel.php(144): Illuminate/Foundation/Http/Kernel->sendRequestThroughRouter()
#44 C:/OSPanel/domains/canvas-laravel01/public/index.php(21): Illuminate/Foundation/Http/Kernel->handle()
#45 C:/OSPanel/domains/canvas-laravel01/server.php(21): require_once('C://OSPanel//doma...')
#46 {main}
"} 
[2026-04-28 15:59:43] local.ERROR: Writing to C:/Users/Полюша/AppData/Roaming/PsySH/psysh_history is not allowed. {"exception":"[object] (ErrorException(code: 0): Writing to C:/Users/Полюша/AppData/Roaming/PsySH/psysh_history is not allowed. at C:/OSPanel/domains/canvas-laravel01/vendor/psy/psysh/src/ConfigPaths.php:482)
[stacktrace]
#0 C:/OSPanel/domains/canvas-laravel01/vendor/laravel/framework/src/Illuminate/Foundation/Bootstrap/HandleExceptions.php(255): Illuminate/Foundation/Bootstrap/HandleExceptions->handleError(1024, 'Writing to C:/U...', 'C://OSPanel//doma...', 482)
#1 [internal function]: Illuminate/Foundation/Bootstrap/HandleExceptions->{closure:Illuminate/Foundation/Bootstrap/HandleExceptions::forwardsTo():254}(1024, 'Writing to C:/U...', 'C://OSPanel//doma...', 482)
#2 C:/OSPanel/domains/canvas-laravel01/vendor/psy/psysh/src/ConfigPaths.php(482): trigger_error('Writing to C:/U...', 1024)
#3 C:/OSPanel/domains/canvas-laravel01/vendor/psy/psysh/src/Configuration.php(969): Psy/ConfigPaths::touchFileWithMkdir('C:/Users//xD0/x9F/xD0/xBE/xD0/xBB...')
#4 C:/OSPanel/domains/canvas-laravel01/vendor/psy/psysh/src/Configuration.php(993): Psy/Configuration->setHistoryFile('C:/Users//xD0/x9F/xD0/xBE/xD0/xBB...')
#5 C:/OSPanel/domains/canvas-laravel01/vendor/psy/psysh/src/Configuration.php(1138): Psy/Configuration->getHistoryFile()
#6 C:/OSPanel/domains/canvas-laravel01/vendor/psy/psysh/src/Shell.php(173): Psy/Configuration->getReadline()
#7 C:/OSPanel/domains/canvas-laravel01/vendor/psy/psysh/src/Shell.php(1638): Psy/Shell->boot()
#8 C:/OSPanel/domains/canvas-laravel01/vendor/laravel/tinker/src/Console/TinkerCommand.php(77): Psy/Shell->execute('echo App////Model...')
#9 C:/OSPanel/domains/canvas-laravel01/vendor/laravel/framework/src/Illuminate/Container/BoundMethod.php(36): Laravel/Tinker/Console/TinkerCommand->handle()
#10 C:/OSPanel/domains/canvas-laravel01/vendor/laravel/framework/src/Illuminate/Container/Util.php(41): Illuminate/Container/BoundMethod::{closure:Illuminate/Container/BoundMethod::call():35}()
#11 C:/OSPanel/domains/canvas-laravel01/vendor/laravel/framework/src/Illuminate/Container/BoundMethod.php(93): Illuminate/Container/Util::unwrapIfClosure(Object(Closure))
#12 C:/OSPanel/domains/canvas-laravel01/vendor/laravel/framework/src/Illuminate/Container/BoundMethod.php(35): Illuminate/Container/BoundMethod::callBoundMethod(Object(Illuminate/Foundation/Application), Array, Object(Closure))
#13 C:/OSPanel/domains/canvas-laravel01/vendor/laravel/framework/src/Illuminate/Container/Container.php(662): Illuminate/Container/BoundMethod::call(Object(Illuminate/Foundation/Application), Array, Array, NULL)
#14 C:/OSPanel/domains/canvas-laravel01/vendor/laravel/framework/src/Illuminate/Console/Command.php(211): Illuminate/Container/Container->call(Array)
#15 C:/OSPanel/domains/canvas-laravel01/vendor/symfony/console/Command/Command.php(326): Illuminate/Console/Command->execute(Object(Symfony/Component/Console/Input/ArgvInput), Object(Illuminate/Console/OutputStyle))
#16 C:/OSPanel/domains/canvas-laravel01/vendor/laravel/framework/src/Illuminate/Console/Command.php(180): Symfony/Component/Console/Command/Command->run(Object(Symfony/Component/Console/Input/ArgvInput), Object(Illuminate/Console/OutputStyle))
#17 C:/OSPanel/domains/canvas-laravel01/vendor/symfony/console/Application.php(1121): Illuminate/Console/Command->run(Object(Symfony/Component/Console/Input/ArgvInput), Object(Symfony/Component/Console/Output/ConsoleOutput))
#18 C:/OSPanel/domains/canvas-laravel01/vendor/symfony/console/Application.php(324): Symfony/Component/Console/Application->doRunCommand(Object(Laravel/Tinker/Console/TinkerCommand), Object(Symfony/Component/Console/Input/ArgvInput), Object(Symfony/Component/Console/Output/ConsoleOutput))
#19 C:/OSPanel/domains/canvas-laravel01/vendor/symfony/console/Application.php(175): Symfony/Component/Console/Application->doRun(Object(Symfony/Component/Console/Input/ArgvInput), Object(Symfony/Component/Console/Output/ConsoleOutput))
#20 C:/OSPanel/domains/canvas-laravel01/vendor/laravel/framework/src/Illuminate/Foundation/Console/Kernel.php(201): Symfony/Component/Console/Application->run(Object(Symfony/Component/Console/Input/ArgvInput), Object(Symfony/Component/Console/Output/ConsoleOutput))
#21 C:/OSPanel/domains/canvas-laravel01/artisan(35): Illuminate/Foundation/Console/Kernel->handle(Object(Symfony/Component/Console/Input/ArgvInput), Object(Symfony/Component/Console/Output/ConsoleOutput))
#22 {main}
"} 
[2026-04-28 16:00:02] local.ERROR: Writing to C:/Users/Полюша/AppData/Roaming/PsySH/psysh_history is not allowed. {"exception":"[object] (ErrorException(code: 0): Writing to C:/Users/Полюша/AppData/Roaming/PsySH/psysh_history is not allowed. at C:/OSPanel/domains/canvas-laravel01/vendor/psy/psysh/src/ConfigPaths.php:482)
[stacktrace]
#0 C:/OSPanel/domains/canvas-laravel01/vendor/laravel/framework/src/Illuminate/Foundation/Bootstrap/HandleExceptions.php(255): Illuminate/Foundation/Bootstrap/HandleExceptions->handleError(1024, 'Writing to C:/U...', 'C://OSPanel//doma...', 482)
#1 [internal function]: Illuminate/Foundation/Bootstrap/HandleExceptions->{closure:Illuminate/Foundation/Bootstrap/HandleExceptions::forwardsTo():254}(1024, 'Writing to C:/U...', 'C://OSPanel//doma...', 482)
#2 C:/OSPanel/domains/canvas-laravel01/vendor/psy/psysh/src/ConfigPaths.php(482): trigger_error('Writing to C:/U...', 1024)
#3 C:/OSPanel/domains/canvas-laravel01/vendor/psy/psysh/src/Configuration.php(969): Psy/ConfigPaths::touchFileWithMkdir('C:/Users//xD0/x9F/xD0/xBE/xD0/xBB...')
#4 C:/OSPanel/domains/canvas-laravel01/vendor/psy/psysh/src/Configuration.php(993): Psy/Configuration->setHistoryFile('C:/Users//xD0/x9F/xD0/xBE/xD0/xBB...')
#5 C:/OSPanel/domains/canvas-laravel01/vendor/psy/psysh/src/Configuration.php(1138): Psy/Configuration->getHistoryFile()
#6 C:/OSPanel/domains/canvas-laravel01/vendor/psy/psysh/src/Shell.php(173): Psy/Configuration->getReadline()
#7 C:/OSPanel/domains/canvas-laravel01/vendor/psy/psysh/src/Shell.php(1638): Psy/Shell->boot()
#8 C:/OSPanel/domains/canvas-laravel01/vendor/laravel/tinker/src/Console/TinkerCommand.php(77): Psy/Shell->execute('echo App////Model...')
#9 C:/OSPanel/domains/canvas-laravel01/vendor/laravel/framework/src/Illuminate/Container/BoundMethod.php(36): Laravel/Tinker/Console/TinkerCommand->handle()
#10 C:/OSPanel/domains/canvas-laravel01/vendor/laravel/framework/src/Illuminate/Container/Util.php(41): Illuminate/Container/BoundMethod::{closure:Illuminate/Container/BoundMethod::call():35}()
#11 C:/OSPanel/domains/canvas-laravel01/vendor/laravel/framework/src/Illuminate/Container/BoundMethod.php(93): Illuminate/Container/Util::unwrapIfClosure(Object(Closure))
#12 C:/OSPanel/domains/canvas-laravel01/vendor/laravel/framework/src/Illuminate/Container/BoundMethod.php(35): Illuminate/Container/BoundMethod::callBoundMethod(Object(Illuminate/Foundation/Application), Array, Object(Closure))
#13 C:/OSPanel/domains/canvas-laravel01/vendor/laravel/framework/src/Illuminate/Container/Container.php(662): Illuminate/Container/BoundMethod::call(Object(Illuminate/Foundation/Application), Array, Array, NULL)
#14 C:/OSPanel/domains/canvas-laravel01/vendor/laravel/framework/src/Illuminate/Console/Command.php(211): Illuminate/Container/Container->call(Array)
#15 C:/OSPanel/domains/canvas-laravel01/vendor/symfony/console/Command/Command.php(326): Illuminate/Console/Command->execute(Object(Symfony/Component/Console/Input/ArgvInput), Object(Illuminate/Console/OutputStyle))
#16 C:/OSPanel/domains/canvas-laravel01/vendor/laravel/framework/src/Illuminate/Console/Command.php(180): Symfony/Component/Console/Command/Command->run(Object(Symfony/Component/Console/Input/ArgvInput), Object(Illuminate/Console/OutputStyle))
#17 C:/OSPanel/domains/canvas-laravel01/vendor/symfony/console/Application.php(1121): Illuminate/Console/Command->run(Object(Symfony/Component/Console/Input/ArgvInput), Object(Symfony/Component/Console/Output/ConsoleOutput))
#18 C:/OSPanel/domains/canvas-laravel01/vendor/symfony/console/Application.php(324): Symfony/Component/Console/Application->doRunCommand(Object(Laravel/Tinker/Console/TinkerCommand), Object(Symfony/Component/Console/Input/ArgvInput), Object(Symfony/Component/Console/Output/ConsoleOutput))
#19 C:/OSPanel/domains/canvas-laravel01/vendor/symfony/console/Application.php(175): Symfony/Component/Console/Application->doRun(Object(Symfony/Component/Console/Input/ArgvInput), Object(Symfony/Component/Console/Output/ConsoleOutput))
#20 C:/OSPanel/domains/canvas-laravel01/vendor/laravel/framework/src/Illuminate/Foundation/Console/Kernel.php(201): Symfony/Component/Console/Application->run(Object(Symfony/Component/Console/Input/ArgvInput), Object(Symfony/Component/Console/Output/ConsoleOutput))
#21 C:/OSPanel/domains/canvas-laravel01/artisan(35): Illuminate/Foundation/Console/Kernel->handle(Object(Symfony/Component/Console/Input/ArgvInput), Object(Symfony/Component/Console/Output/ConsoleOutput))
#22 {main}
"} 
[2026-04-28 16:00:35] local.ERROR: Uncaught PDOException: could not find driver in C:\OSPanel\domains\canvas-laravel01\vendor\laravel\framework\src\Illuminate\Database\Connectors\Connector.php:65
Stack trace:
#0 C:\OSPanel\domains\canvas-laravel01\vendor\laravel\framework\src\Illuminate\Database\Connectors\Connector.php(65): PDO->__construct('mysql:host=127....', 'root', Object(SensitiveParameterValue), Array)
#1 C:\OSPanel\domains\canvas-laravel01\vendor\laravel\framework\src\Illuminate\Database\Connectors\Connector.php(44): Illuminate\Database\Connectors\Connector->createPdoConnection('mysql:host=127....', 'root', '', Array)
#2 C:\OSPanel\domains\canvas-laravel01\vendor\laravel\framework\src\Illuminate\Database\Connectors\MySqlConnector.php(24): Illuminate\Database\Connectors\Connector->createConnection('mysql:host=127....', Array, Array)
#3 C:\OSPanel\domains\canvas-laravel01\vendor\laravel\framework\src\Illuminate\Database\Connectors\ConnectionFactory.php(184): Illuminate\Database\Connectors\MySqlConnector->connect(Array)
#4 [internal function]: Illuminate\Database\Connectors\ConnectionFactory->{closure:Illuminate\Database\Connectors\ConnectionFactory::createPdoResolverWithHosts():179}()
#5 C:\OSPanel\domains\canvas-laravel01\vendor\laravel\framework\src\Illuminate\Database\Connection.php(1339): call_user_func(Object(Closure))
#6 C:\OSPanel\domains\canvas-laravel01\vendor\laravel\framework\src\Illuminate\Database\Connection.php(1375): Illuminate\Database\Connection->getPdo()
#7 C:\OSPanel\domains\canvas-laravel01\vendor\laravel\framework\src\Illuminate\Database\Connection.php(528): Illuminate\Database\Connection->getReadPdo()
#8 C:\OSPanel\domains\canvas-laravel01\vendor\laravel\framework\src\Illuminate\Database\Connection.php(423): Illuminate\Database\Connection->getPdoForSelect(true)
#9 C:\OSPanel\domains\canvas-laravel01\vendor\laravel\framework\src\Illuminate\Database\Connection.php(816): Illuminate\Database\Connection->{closure:Illuminate\Database\Connection::select():414}('select `id`, `u...', Array)
#10 C:\OSPanel\domains\canvas-laravel01\vendor\laravel\framework\src\Illuminate\Database\Connection.php(783): Illuminate\Database\Connection->runQueryCallback('select `id`, `u...', Array, Object(Closure))
#11 C:\OSPanel\domains\canvas-laravel01\vendor\laravel\framework\src\Illuminate\Database\Connection.php(414): Illuminate\Database\Connection->run('select `id`, `u...', Array, Object(Closure))
#12 C:\OSPanel\domains\canvas-laravel01\vendor\laravel\framework\src\Illuminate\Database\Query\Builder.php(2913): Illuminate\Database\Connection->select('select `id`, `u...', Array, true)
#13 C:\OSPanel\domains\canvas-laravel01\vendor\laravel\framework\src\Illuminate\Database\Query\Builder.php(2902): Illuminate\Database\Query\Builder->runSelect()
#14 C:\OSPanel\domains\canvas-laravel01\vendor\laravel\framework\src\Illuminate\Database\Query\Builder.php(3456): Illuminate\Database\Query\Builder->{closure:Illuminate\Database\Query\Builder::get():2901}()
#15 C:\OSPanel\domains\canvas-laravel01\vendor\laravel\framework\src\Illuminate\Database\Query\Builder.php(2901): Illuminate\Database\Query\Builder->onceWithColumns(Array, Object(Closure))
#16 C:\OSPanel\domains\canvas-laravel01\vendor\laravel\framework\src\Illuminate\Database\Eloquent\Builder.php(739): Illuminate\Database\Query\Builder->get(Array)
#17 C:\OSPanel\domains\canvas-laravel01\vendor\laravel\framework\src\Illuminate\Database\Eloquent\Builder.php(723): Illuminate\Database\Eloquent\Builder->getModels(Array)
#18 Command line code(1): Illuminate\Database\Eloquent\Builder->get()
#19 {main}

Next Illuminate\Database\QueryException: could not find driver (Connection: mysql, SQL: select `id`, `user_id`, `name`, `status` from `pictures` order by `id` desc limit 5) in C:\OSPanel\domains\canvas-laravel01\vendor\laravel\framework\src\Illuminate\Database\Connection.php:829
Stack trace:
#0 C:\OSPanel\domains\canvas-laravel01\vendor\laravel\framework\src\Illuminate\Database\Connection.php(783): Illuminate\Database\Connection->runQueryCallback('select `id`, `u...', Array, Object(Closure))
#1 C:\OSPanel\domains\canvas-laravel01\vendor\laravel\framework\src\Illuminate\Database\Connection.php(414): Illuminate\Database\Connection->run('select `id`, `u...', Array, Object(Closure))
#2 C:\OSPanel\domains\canvas-laravel01\vendor\laravel\framework\src\Illuminate\Database\Query\Builder.php(2913): Illuminate\Database\Connection->select('select `id`, `u...', Array, true)
#3 C:\OSPanel\domains\canvas-laravel01\vendor\laravel\framework\src\Illuminate\Database\Query\Builder.php(2902): Illuminate\Database\Query\Builder->runSelect()
#4 C:\OSPanel\domains\canvas-laravel01\vendor\laravel\framework\src\Illuminate\Database\Query\Builder.php(3456): Illuminate\Database\Query\Builder->{closure:Illuminate\Database\Query\Builder::get():2901}()
#5 C:\OSPanel\domains\canvas-laravel01\vendor\laravel\framework\src\Illuminate\Database\Query\Builder.php(2901): Illuminate\Database\Query\Builder->onceWithColumns(Array, Object(Closure))
#6 C:\OSPanel\domains\canvas-laravel01\vendor\laravel\framework\src\Illuminate\Database\Eloquent\Builder.php(739): Illuminate\Database\Query\Builder->get(Array)
#7 C:\OSPanel\domains\canvas-laravel01\vendor\laravel\framework\src\Illuminate\Database\Eloquent\Builder.php(723): Illuminate\Database\Eloquent\Builder->getModels(Array)
#8 Command line code(1): Illuminate\Database\Eloquent\Builder->get()
#9 {main}
  thrown {"exception":"[object] (Symfony\\Component\\ErrorHandler\\Error\\FatalError(code: 0): Uncaught PDOException: could not find driver in C:\\OSPanel\\domains\\canvas-laravel01\\vendor\\laravel\\framework\\src\\Illuminate\\Database\\Connectors\\Connector.php:65
Stack trace:
#0 C:\\OSPanel\\domains\\canvas-laravel01\\vendor\\laravel\\framework\\src\\Illuminate\\Database\\Connectors\\Connector.php(65): PDO->__construct('mysql:host=127....', 'root', Object(SensitiveParameterValue), Array)
#1 C:\\OSPanel\\domains\\canvas-laravel01\\vendor\\laravel\\framework\\src\\Illuminate\\Database\\Connectors\\Connector.php(44): Illuminate\\Database\\Connectors\\Connector->createPdoConnection('mysql:host=127....', 'root', '', Array)
#2 C:\\OSPanel\\domains\\canvas-laravel01\\vendor\\laravel\\framework\\src\\Illuminate\\Database\\Connectors\\MySqlConnector.php(24): Illuminate\\Database\\Connectors\\Connector->createConnection('mysql:host=127....', Array, Array)
#3 C:\\OSPanel\\domains\\canvas-laravel01\\vendor\\laravel\\framework\\src\\Illuminate\\Database\\Connectors\\ConnectionFactory.php(184): Illuminate\\Database\\Connectors\\MySqlConnector->connect(Array)
#4 [internal function]: Illuminate\\Database\\Connectors\\ConnectionFactory->{closure:Illuminate\\Database\\Connectors\\ConnectionFactory::createPdoResolverWithHosts():179}()
#5 C:\\OSPanel\\domains\\canvas-laravel01\\vendor\\laravel\\framework\\src\\Illuminate\\Database\\Connection.php(1339): call_user_func(Object(Closure))
#6 C:\\OSPanel\\domains\\canvas-laravel01\\vendor\\laravel\\framework\\src\\Illuminate\\Database\\Connection.php(1375): Illuminate\\Database\\Connection->getPdo()
#7 C:\\OSPanel\\domains\\canvas-laravel01\\vendor\\laravel\\framework\\src\\Illuminate\\Database\\Connection.php(528): Illuminate\\Database\\Connection->getReadPdo()
#8 C:\\OSPanel\\domains\\canvas-laravel01\\vendor\\laravel\\framework\\src\\Illuminate\\Database\\Connection.php(423): Illuminate\\Database\\Connection->getPdoForSelect(true)
#9 C:\\OSPanel\\domains\\canvas-laravel01\\vendor\\laravel\\framework\\src\\Illuminate\\Database\\Connection.php(816): Illuminate\\Database\\Connection->{closure:Illuminate\\Database\\Connection::select():414}('select `id`, `u...', Array)
#10 C:\\OSPanel\\domains\\canvas-laravel01\\vendor\\laravel\\framework\\src\\Illuminate\\Database\\Connection.php(783): Illuminate\\Database\\Connection->runQueryCallback('select `id`, `u...', Array, Object(Closure))
#11 C:\\OSPanel\\domains\\canvas-laravel01\\vendor\\laravel\\framework\\src\\Illuminate\\Database\\Connection.php(414): Illuminate\\Database\\Connection->run('select `id`, `u...', Array, Object(Closure))
#12 C:\\OSPanel\\domains\\canvas-laravel01\\vendor\\laravel\\framework\\src\\Illuminate\\Database\\Query\\Builder.php(2913): Illuminate\\Database\\Connection->select('select `id`, `u...', Array, true)
#13 C:\\OSPanel\\domains\\canvas-laravel01\\vendor\\laravel\\framework\\src\\Illuminate\\Database\\Query\\Builder.php(2902): Illuminate\\Database\\Query\\Builder->runSelect()
#14 C:\\OSPanel\\domains\\canvas-laravel01\\vendor\\laravel\\framework\\src\\Illuminate\\Database\\Query\\Builder.php(3456): Illuminate\\Database\\Query\\Builder->{closure:Illuminate\\Database\\Query\\Builder::get():2901}()
#15 C:\\OSPanel\\domains\\canvas-laravel01\\vendor\\laravel\\framework\\src\\Illuminate\\Database\\Query\\Builder.php(2901): Illuminate\\Database\\Query\\Builder->onceWithColumns(Array, Object(Closure))
#16 C:\\OSPanel\\domains\\canvas-laravel01\\vendor\\laravel\\framework\\src\\Illuminate\\Database\\Eloquent\\Builder.php(739): Illuminate\\Database\\Query\\Builder->get(Array)
#17 C:\\OSPanel\\domains\\canvas-laravel01\\vendor\\laravel\\framework\\src\\Illuminate\\Database\\Eloquent\\Builder.php(723): Illuminate\\Database\\Eloquent\\Builder->getModels(Array)
#18 Command line code(1): Illuminate\\Database\\Eloquent\\Builder->get()
#19 {main}

Next Illuminate\\Database\\QueryException: could not find driver (Connection: mysql, SQL: select `id`, `user_id`, `name`, `status` from `pictures` order by `id` desc limit 5) in C:\\OSPanel\\domains\\canvas-laravel01\\vendor\\laravel\\framework\\src\\Illuminate\\Database\\Connection.php:829
Stack trace:
#0 C:\\OSPanel\\domains\\canvas-laravel01\\vendor\\laravel\\framework\\src\\Illuminate\\Database\\Connection.php(783): Illuminate\\Database\\Connection->runQueryCallback('select `id`, `u...', Array, Object(Closure))
#1 C:\\OSPanel\\domains\\canvas-laravel01\\vendor\\laravel\\framework\\src\\Illuminate\\Database\\Connection.php(414): Illuminate\\Database\\Connection->run('select `id`, `u...', Array, Object(Closure))
#2 C:\\OSPanel\\domains\\canvas-laravel01\\vendor\\laravel\\framework\\src\\Illuminate\\Database\\Query\\Builder.php(2913): Illuminate\\Database\\Connection->select('select `id`, `u...', Array, true)
#3 C:\\OSPanel\\domains\\canvas-laravel01\\vendor\\laravel\\framework\\src\\Illuminate\\Database\\Query\\Builder.php(2902): Illuminate\\Database\\Query\\Builder->runSelect()
#4 C:\\OSPanel\\domains\\canvas-laravel01\\vendor\\laravel\\framework\\src\\Illuminate\\Database\\Query\\Builder.php(3456): Illuminate\\Database\\Query\\Builder->{closure:Illuminate\\Database\\Query\\Builder::get():2901}()
#5 C:\\OSPanel\\domains\\canvas-laravel01\\vendor\\laravel\\framework\\src\\Illuminate\\Database\\Query\\Builder.php(2901): Illuminate\\Database\\Query\\Builder->onceWithColumns(Array, Object(Closure))
#6 C:\\OSPanel\\domains\\canvas-laravel01\\vendor\\laravel\\framework\\src\\Illuminate\\Database\\Eloquent\\Builder.php(739): Illuminate\\Database\\Query\\Builder->get(Array)
#7 C:\\OSPanel\\domains\\canvas-laravel01\\vendor\\laravel\\framework\\src\\Illuminate\\Database\\Eloquent\\Builder.php(723): Illuminate\\Database\\Eloquent\\Builder->getModels(Array)
#8 Command line code(1): Illuminate\\Database\\Eloquent\\Builder->get()
#9 {main}
  thrown at C:/OSPanel/domains/canvas-laravel01/vendor/laravel/framework/src/Illuminate/Database/Connection.php:829)
[stacktrace]
#0 {main}
"} 
[2026-05-05 20:41:11] local.ERROR: could not find driver (Connection: mysql, SQL: select table_name as `name`, (data_length + index_length) as `size`, table_comment as `comment`, engine as `engine`, table_collation as `collation` from information_schema.tables where table_schema = 'NewCanvas' and table_type in ('BASE TABLE', 'SYSTEM VERSIONED') order by table_name) {"exception":"[object] (Illuminate\\Database\\QueryException(code: 0): could not find driver (Connection: mysql, SQL: select table_name as `name`, (data_length + index_length) as `size`, table_comment as `comment`, engine as `engine`, table_collation as `collation` from information_schema.tables where table_schema = 'NewCanvas' and table_type in ('BASE TABLE', 'SYSTEM VERSIONED') order by table_name) at C:/OSPanel/domains/canvas-laravel01/vendor/laravel/framework/src/Illuminate/Database/Connection.php:829)
[stacktrace]
#0 C:/OSPanel/domains/canvas-laravel01/vendor/laravel/framework/src/Illuminate/Database/Connection.php(783): Illuminate/Database/Connection->runQueryCallback('select table_na...', Array, Object(Closure))
#1 C:/OSPanel/domains/canvas-laravel01/vendor/laravel/framework/src/Illuminate/Database/Connection.php(414): Illuminate/Database/Connection->run('select table_na...', Array, Object(Closure))
#2 C:/OSPanel/domains/canvas-laravel01/vendor/laravel/framework/src/Illuminate/Database/Connection.php(401): Illuminate/Database/Connection->select('select table_na...', Array, false)
#3 C:/OSPanel/domains/canvas-laravel01/vendor/laravel/framework/src/Illuminate/Database/Schema/MySqlBuilder.php(41): Illuminate/Database/Connection->selectFromWriteConnection('select table_na...')
#4 C:/OSPanel/domains/canvas-laravel01/vendor/laravel/framework/src/Illuminate/Database/Schema/Builder.php(165): Illuminate/Database/Schema/MySqlBuilder->getTables(false)
#5 C:/OSPanel/domains/canvas-laravel01/vendor/laravel/framework/src/Illuminate/Database/Migrations/DatabaseMigrationRepository.php(184): Illuminate/Database/Schema/Builder->hasTable('migrations')
#6 C:/OSPanel/domains/canvas-laravel01/vendor/laravel/framework/src/Illuminate/Database/Migrations/Migrator.php(727): Illuminate/Database/Migrations/DatabaseMigrationRepository->repositoryExists()
#7 C:/OSPanel/domains/canvas-laravel01/vendor/laravel/framework/src/Illuminate/Database/Console/Migrations/MigrateCommand.php(140): Illuminate/Database/Migrations/Migrator->repositoryExists()
#8 C:/OSPanel/domains/canvas-laravel01/vendor/laravel/framework/src/Illuminate/Support/helpers.php(261): Illuminate/Database/Console/Migrations/MigrateCommand->{closure:Illuminate/Database/Console/Migrations/MigrateCommand::repositoryExists():140}(1)
#9 C:/OSPanel/domains/canvas-laravel01/vendor/laravel/framework/src/Illuminate/Database/Console/Migrations/MigrateCommand.php(140): retry(1, Object(Closure), 0, Object(Closure))
#10 C:/OSPanel/domains/canvas-laravel01/vendor/laravel/framework/src/Illuminate/Database/Console/Migrations/MigrateCommand.php(116): Illuminate/Database/Console/Migrations/MigrateCommand->repositoryExists()
#11 C:/OSPanel/domains/canvas-laravel01/vendor/laravel/framework/src/Illuminate/Database/Console/Migrations/MigrateCommand.php(84): Illuminate/Database/Console/Migrations/MigrateCommand->prepareDatabase()
#12 C:/OSPanel/domains/canvas-laravel01/vendor/laravel/framework/src/Illuminate/Database/Migrations/Migrator.php(641): Illuminate/Database/Console/Migrations/MigrateCommand->{closure:Illuminate/Database/Console/Migrations/MigrateCommand::handle():83}()
#13 C:/OSPanel/domains/canvas-laravel01/vendor/laravel/framework/src/Illuminate/Database/Console/Migrations/MigrateCommand.php(83): Illuminate/Database/Migrations/Migrator->usingConnection(NULL, Object(Closure))
#14 C:/OSPanel/domains/canvas-laravel01/vendor/laravel/framework/src/Illuminate/Container/BoundMethod.php(36): Illuminate/Database/Console/Migrations/MigrateCommand->handle()
#15 C:/OSPanel/domains/canvas-laravel01/vendor/laravel/framework/src/Illuminate/Container/Util.php(41): Illuminate/Container/BoundMethod::{closure:Illuminate/Container/BoundMethod::call():35}()
#16 C:/OSPanel/domains/canvas-laravel01/vendor/laravel/framework/src/Illuminate/Container/BoundMethod.php(93): Illuminate/Container/Util::unwrapIfClosure(Object(Closure))
#17 C:/OSPanel/domains/canvas-laravel01/vendor/laravel/framework/src/Illuminate/Container/BoundMethod.php(35): Illuminate/Container/BoundMethod::callBoundMethod(Object(Illuminate/Foundation/Application), Array, Object(Closure))
#18 C:/OSPanel/domains/canvas-laravel01/vendor/laravel/framework/src/Illuminate/Container/Container.php(662): Illuminate/Container/BoundMethod::call(Object(Illuminate/Foundation/Application), Array, Array, NULL)
#19 C:/OSPanel/domains/canvas-laravel01/vendor/laravel/framework/src/Illuminate/Console/Command.php(211): Illuminate/Container/Container->call(Array)
#20 C:/OSPanel/domains/canvas-laravel01/vendor/symfony/console/Command/Command.php(326): Illuminate/Console/Command->execute(Object(Symfony/Component/Console/Input/ArgvInput), Object(Illuminate/Console/OutputStyle))
#21 C:/OSPanel/domains/canvas-laravel01/vendor/laravel/framework/src/Illuminate/Console/Command.php(180): Symfony/Component/Console/Command/Command->run(Object(Symfony/Component/Console/Input/ArgvInput), Object(Illuminate/Console/OutputStyle))
#22 C:/OSPanel/domains/canvas-laravel01/vendor/symfony/console/Application.php(1121): Illuminate/Console/Command->run(Object(Symfony/Component/Console/Input/ArgvInput), Object(Symfony/Component/Console/Output/ConsoleOutput))
#23 C:/OSPanel/domains/canvas-laravel01/vendor/symfony/console/Application.php(324): Symfony/Component/Console/Application->doRunCommand(Object(Illuminate/Database/Console/Migrations/MigrateCommand), Object(Symfony/Component/Console/Input/ArgvInput), Object(Symfony/Component/Console/Output/ConsoleOutput))
#24 C:/OSPanel/domains/canvas-laravel01/vendor/symfony/console/Application.php(175): Symfony/Component/Console/Application->doRun(Object(Symfony/Component/Console/Input/ArgvInput), Object(Symfony/Component/Console/Output/ConsoleOutput))
#25 C:/OSPanel/domains/canvas-laravel01/vendor/laravel/framework/src/Illuminate/Foundation/Console/Kernel.php(201): Symfony/Component/Console/Application->run(Object(Symfony/Component/Console/Input/ArgvInput), Object(Symfony/Component/Console/Output/ConsoleOutput))
#26 C:/OSPanel/domains/canvas-laravel01/artisan(35): Illuminate/Foundation/Console/Kernel->handle(Object(Symfony/Component/Console/Input/ArgvInput), Object(Symfony/Component/Console/Output/ConsoleOutput))
#27 {main}

[previous exception] [object] (PDOException(code: 0): could not find driver at C:/OSPanel/domains/canvas-laravel01/vendor/laravel/framework/src/Illuminate/Database/Connectors/Connector.php:65)
[stacktrace]
#0 C:/OSPanel/domains/canvas-laravel01/vendor/laravel/framework/src/Illuminate/Database/Connectors/Connector.php(65): PDO->__construct('mysql:host=127....', 'root', Object(SensitiveParameterValue), Array)
#1 C:/OSPanel/domains/canvas-laravel01/vendor/laravel/framework/src/Illuminate/Database/Connectors/Connector.php(44): Illuminate/Database/Connectors/Connector->createPdoConnection('mysql:host=127....', 'root', '', Array)
#2 C:/OSPanel/domains/canvas-laravel01/vendor/laravel/framework/src/Illuminate/Database/Connectors/MySqlConnector.php(24): Illuminate/Database/Connectors/Connector->createConnection('mysql:host=127....', Array, Array)
#3 C:/OSPanel/domains/canvas-laravel01/vendor/laravel/framework/src/Illuminate/Database/Connectors/ConnectionFactory.php(184): Illuminate/Database/Connectors/MySqlConnector->connect(Array)
#4 [internal function]: Illuminate/Database/Connectors/ConnectionFactory->{closure:Illuminate/Database/Connectors/ConnectionFactory::createPdoResolverWithHosts():179}()
#5 C:/OSPanel/domains/canvas-laravel01/vendor/laravel/framework/src/Illuminate/Database/Connection.php(1339): call_user_func(Object(Closure))
#6 C:/OSPanel/domains/canvas-laravel01/vendor/laravel/framework/src/Illuminate/Database/Connection.php(528): Illuminate/Database/Connection->getPdo()
#7 C:/OSPanel/domains/canvas-laravel01/vendor/laravel/framework/src/Illuminate/Database/Connection.php(423): Illuminate/Database/Connection->getPdoForSelect(false)
#8 C:/OSPanel/domains/canvas-laravel01/vendor/laravel/framework/src/Illuminate/Database/Connection.php(816): Illuminate/Database/Connection->{closure:Illuminate/Database/Connection::select():414}('select table_na...', Array)
#9 C:/OSPanel/domains/canvas-laravel01/vendor/laravel/framework/src/Illuminate/Database/Connection.php(783): Illuminate/Database/Connection->runQueryCallback('select table_na...', Array, Object(Closure))
#10 C:/OSPanel/domains/canvas-laravel01/vendor/laravel/framework/src/Illuminate/Database/Connection.php(414): Illuminate/Database/Connection->run('select table_na...', Array, Object(Closure))
#11 C:/OSPanel/domains/canvas-laravel01/vendor/laravel/framework/src/Illuminate/Database/Connection.php(401): Illuminate/Database/Connection->select('select table_na...', Array, false)
#12 C:/OSPanel/domains/canvas-laravel01/vendor/laravel/framework/src/Illuminate/Database/Schema/MySqlBuilder.php(41): Illuminate/Database/Connection->selectFromWriteConnection('select table_na...')
#13 C:/OSPanel/domains/canvas-laravel01/vendor/laravel/framework/src/Illuminate/Database/Schema/Builder.php(165): Illuminate/Database/Schema/MySqlBuilder->getTables(false)
#14 C:/OSPanel/domains/canvas-laravel01/vendor/laravel/framework/src/Illuminate/Database/Migrations/DatabaseMigrationRepository.php(184): Illuminate/Database/Schema/Builder->hasTable('migrations')
#15 C:/OSPanel/domains/canvas-laravel01/vendor/laravel/framework/src/Illuminate/Database/Migrations/Migrator.php(727): Illuminate/Database/Migrations/DatabaseMigrationRepository->repositoryExists()
#16 C:/OSPanel/domains/canvas-laravel01/vendor/laravel/framework/src/Illuminate/Database/Console/Migrations/MigrateCommand.php(140): Illuminate/Database/Migrations/Migrator->repositoryExists()
#17 C:/OSPanel/domains/canvas-laravel01/vendor/laravel/framework/src/Illuminate/Support/helpers.php(261): Illuminate/Database/Console/Migrations/MigrateCommand->{closure:Illuminate/Database/Console/Migrations/MigrateCommand::repositoryExists():140}(1)
#18 C:/OSPanel/domains/canvas-laravel01/vendor/laravel/framework/src/Illuminate/Database/Console/Migrations/MigrateCommand.php(140): retry(1, Object(Closure), 0, Object(Closure))
#19 C:/OSPanel/domains/canvas-laravel01/vendor/laravel/framework/src/Illuminate/Database/Console/Migrations/MigrateCommand.php(116): Illuminate/Database/Console/Migrations/MigrateCommand->repositoryExists()
#20 C:/OSPanel/domains/canvas-laravel01/vendor/laravel/framework/src/Illuminate/Database/Console/Migrations/MigrateCommand.php(84): Illuminate/Database/Console/Migrations/MigrateCommand->prepareDatabase()
#21 C:/OSPanel/domains/canvas-laravel01/vendor/laravel/framework/src/Illuminate/Database/Migrations/Migrator.php(641): Illuminate/Database/Console/Migrations/MigrateCommand->{closure:Illuminate/Database/Console/Migrations/MigrateCommand::handle():83}()
#22 C:/OSPanel/domains/canvas-laravel01/vendor/laravel/framework/src/Illuminate/Database/Console/Migrations/MigrateCommand.php(83): Illuminate/Database/Migrations/Migrator->usingConnection(NULL, Object(Closure))
#23 C:/OSPanel/domains/canvas-laravel01/vendor/laravel/framework/src/Illuminate/Container/BoundMethod.php(36): Illuminate/Database/Console/Migrations/MigrateCommand->handle()
#24 C:/OSPanel/domains/canvas-laravel01/vendor/laravel/framework/src/Illuminate/Container/Util.php(41): Illuminate/Container/BoundMethod::{closure:Illuminate/Container/BoundMethod::call():35}()
#25 C:/OSPanel/domains/canvas-laravel01/vendor/laravel/framework/src/Illuminate/Container/BoundMethod.php(93): Illuminate/Container/Util::unwrapIfClosure(Object(Closure))
#26 C:/OSPanel/domains/canvas-laravel01/vendor/laravel/framework/src/Illuminate/Container/BoundMethod.php(35): Illuminate/Container/BoundMethod::callBoundMethod(Object(Illuminate/Foundation/Application), Array, Object(Closure))
#27 C:/OSPanel/domains/canvas-laravel01/vendor/laravel/framework/src/Illuminate/Container/Container.php(662): Illuminate/Container/BoundMethod::call(Object(Illuminate/Foundation/Application), Array, Array, NULL)
#28 C:/OSPanel/domains/canvas-laravel01/vendor/laravel/framework/src/Illuminate/Console/Command.php(211): Illuminate/Container/Container->call(Array)
#29 C:/OSPanel/domains/canvas-laravel01/vendor/symfony/console/Command/Command.php(326): Illuminate/Console/Command->execute(Object(Symfony/Component/Console/Input/ArgvInput), Object(Illuminate/Console/OutputStyle))
#30 C:/OSPanel/domains/canvas-laravel01/vendor/laravel/framework/src/Illuminate/Console/Command.php(180): Symfony/Component/Console/Command/Command->run(Object(Symfony/Component/Console/Input/ArgvInput), Object(Illuminate/Console/OutputStyle))
#31 C:/OSPanel/domains/canvas-laravel01/vendor/symfony/console/Application.php(1121): Illuminate/Console/Command->run(Object(Symfony/Component/Console/Input/ArgvInput), Object(Symfony/Component/Console/Output/ConsoleOutput))
#32 C:/OSPanel/domains/canvas-laravel01/vendor/symfony/console/Application.php(324): Symfony/Component/Console/Application->doRunCommand(Object(Illuminate/Database/Console/Migrations/MigrateCommand), Object(Symfony/Component/Console/Input/ArgvInput), Object(Symfony/Component/Console/Output/ConsoleOutput))
#33 C:/OSPanel/domains/canvas-laravel01/vendor/symfony/console/Application.php(175): Symfony/Component/Console/Application->doRun(Object(Symfony/Component/Console/Input/ArgvInput), Object(Symfony/Component/Console/Output/ConsoleOutput))
#34 C:/OSPanel/domains/canvas-laravel01/vendor/laravel/framework/src/Illuminate/Foundation/Console/Kernel.php(201): Symfony/Component/Console/Application->run(Object(Symfony/Component/Console/Input/ArgvInput), Object(Symfony/Component/Console/Output/ConsoleOutput))
#35 C:/OSPanel/domains/canvas-laravel01/artisan(35): Illuminate/Foundation/Console/Kernel->handle(Object(Symfony/Component/Console/Input/ArgvInput), Object(Symfony/Component/Console/Output/ConsoleOutput))
#36 {main}
"} 
